app/build/intermediates/manifest_merge_blame_file/debug/manifest-merger-blame-debug-report.txt
1<?xml version="1.0" encoding="utf-8"?>
2<manifest xmlns:android="http://schemas.android.com/apk/res/android"
3    package="com.example.houserent"
4    android:versionCode="1"
5    android:versionName="1.0" >
6
7    <uses-sdk
8        android:minSdkVersion="16"
8-->src\main\AndroidManifest.xml
9        android:targetSdkVersion="29" />
9-->src\main\AndroidManifest.xml
10
11    <!-- Although the *SdkVersion is captured in gradle build files, this is required for non gradle builds -->
12    <!-- <uses-sdk android:minSdkVersion="14"/> -->
13    <uses-permission android:name="android.permission.ACCESS_NETWORK_STATE" />
13-->[com.google.firebase:firebase-database:19.2.1] AndroidManifest.xml:25:5-79
13-->[com.google.firebase:firebase-database:19.2.1] AndroidManifest.xml:25:22-76
14    <uses-permission android:name="android.permission.INTERNET" />
14-->[com.google.firebase:firebase-database:19.2.1] AndroidManifest.xml:26:5-67
14-->[com.google.firebase:firebase-database:19.2.1] AndroidManifest.xml:26:22-64
15    <uses-permission android:name="android.permission.WAKE_LOCK" /> <!-- Required by older versions of Google Play services to create IID tokens -->
15-->[com.google.android.gms:play-services-measurement-api:17.3.0] AndroidManifest.xml:24:5-68
15-->[com.google.android.gms:play-services-measurement-api:17.3.0] AndroidManifest.xml:24:22-65
16    <uses-permission android:name="com.google.android.c2dm.permission.RECEIVE" />
16-->[com.google.firebase:firebase-iid:20.0.2] AndroidManifest.xml:26:5-82
16-->[com.google.firebase:firebase-iid:20.0.2] AndroidManifest.xml:26:22-79
17    <uses-permission android:name="com.google.android.finsky.permission.BIND_GET_INSTALL_REFERRER_SERVICE" />
17-->[com.google.android.gms:play-services-measurement:17.3.0] AndroidManifest.xml:26:5-110
17-->[com.google.android.gms:play-services-measurement:17.3.0] AndroidManifest.xml:26:22-107
18
19    <application
19-->src\main\AndroidManifest.xml:5:5-11:55
20        android:allowBackup="true"
20-->src\main\AndroidManifest.xml:6:9-35
21        android:appComponentFactory="androidx.core.app.CoreComponentFactory"
21-->[androidx.core:core:1.1.0] AndroidManifest.xml:24:18-86
22        android:debuggable="true"
23        android:icon="@mipmap/ic_launcher"
23-->src\main\AndroidManifest.xml:7:9-43
24        android:label="@string/app_name"
24-->src\main\AndroidManifest.xml:8:9-41
25        android:roundIcon="@mipmap/ic_launcher_round"
25-->src\main\AndroidManifest.xml:9:9-54
26        android:supportsRtl="true"
26-->src\main\AndroidManifest.xml:10:9-35
27        android:theme="@style/AppTheme" >
27-->src\main\AndroidManifest.xml:11:9-40
28        <service
28-->[com.google.firebase:firebase-database:19.2.1] AndroidManifest.xml:29:9-35:19
29            android:name="com.google.firebase.components.ComponentDiscoveryService"
29-->[com.google.firebase:firebase-database:19.2.1] AndroidManifest.xml:30:13-84
30            android:directBootAware="true"
30-->[com.google.firebase:firebase-common:19.3.0] AndroidManifest.xml:34:13-43
31            android:exported="false" >
31-->[com.google.firebase:firebase-database:19.2.1] AndroidManifest.xml:31:13-37
32            <meta-data
32-->[com.google.firebase:firebase-database:19.2.1] AndroidManifest.xml:32:13-34:85
33                android:name="com.google.firebase.components:com.google.firebase.database.DatabaseRegistrar"
33-->[com.google.firebase:firebase-database:19.2.1] AndroidManifest.xml:33:17-109
34                android:value="com.google.firebase.components.ComponentRegistrar" />
34-->[com.google.firebase:firebase-database:19.2.1] AndroidManifest.xml:34:17-82
35            <meta-data
35-->[com.google.firebase:firebase-storage:19.1.1] AndroidManifest.xml:33:13-35:85
36                android:name="com.google.firebase.components:com.google.firebase.storage.StorageRegistrar"
36-->[com.google.firebase:firebase-storage:19.1.1] AndroidManifest.xml:34:17-107
37                android:value="com.google.firebase.components.ComponentRegistrar" />
37-->[com.google.firebase:firebase-storage:19.1.1] AndroidManifest.xml:35:17-82
38            <meta-data
38-->[com.google.android.gms:play-services-measurement-api:17.3.0] AndroidManifest.xml:30:13-32:85
39                android:name="com.google.firebase.components:com.google.firebase.analytics.connector.internal.AnalyticsConnectorRegistrar"
39-->[com.google.android.gms:play-services-measurement-api:17.3.0] AndroidManifest.xml:31:17-139
40                android:value="com.google.firebase.components.ComponentRegistrar" />
40-->[com.google.android.gms:play-services-measurement-api:17.3.0] AndroidManifest.xml:32:17-82
41            <meta-data
41-->[com.google.firebase:firebase-iid:20.0.2] AndroidManifest.xml:32:13-34:85
42                android:name="com.google.firebase.components:com.google.firebase.iid.Registrar"
42-->[com.google.firebase:firebase-iid:20.0.2] AndroidManifest.xml:33:17-96
43                android:value="com.google.firebase.components.ComponentRegistrar" />
43-->[com.google.firebase:firebase-iid:20.0.2] AndroidManifest.xml:34:17-82
44        </service>
45
46        <provider
46-->[com.squareup.picasso:picasso:2.71828] AndroidManifest.xml:8:9-11:40
47            android:name="com.squareup.picasso.PicassoProvider"
47-->[com.squareup.picasso:picasso:2.71828] AndroidManifest.xml:9:13-64
48            android:authorities="com.example.houserent.com.squareup.picasso"
48-->[com.squareup.picasso:picasso:2.71828] AndroidManifest.xml:10:13-72
49            android:exported="false" />
49-->[com.squareup.picasso:picasso:2.71828] AndroidManifest.xml:11:13-37
50
51        <receiver
51-->[com.google.firebase:firebase-iid:20.0.2] AndroidManifest.xml:37:9-44:20
52            android:name="com.google.firebase.iid.FirebaseInstanceIdReceiver"
52-->[com.google.firebase:firebase-iid:20.0.2] AndroidManifest.xml:38:13-78
53            android:exported="true"
53-->[com.google.firebase:firebase-iid:20.0.2] AndroidManifest.xml:39:13-36
54            android:permission="com.google.android.c2dm.permission.SEND" >
54-->[com.google.firebase:firebase-iid:20.0.2] AndroidManifest.xml:40:13-73
55            <intent-filter>
55-->[com.google.firebase:firebase-iid:20.0.2] AndroidManifest.xml:41:13-43:29
56                <action android:name="com.google.android.c2dm.intent.RECEIVE" />
56-->[com.google.firebase:firebase-iid:20.0.2] AndroidManifest.xml:42:17-81
56-->[com.google.firebase:firebase-iid:20.0.2] AndroidManifest.xml:42:25-78
57            </intent-filter>
58        </receiver>
59
60        <activity
60-->[com.google.android.gms:play-services-base:17.0.0] AndroidManifest.xml:23:9-26:75
61            android:name="com.google.android.gms.common.api.GoogleApiActivity"
61-->[com.google.android.gms:play-services-base:17.0.0] AndroidManifest.xml:24:13-79
62            android:exported="false"
62-->[com.google.android.gms:play-services-base:17.0.0] AndroidManifest.xml:25:13-37
63            android:theme="@android:style/Theme.Translucent.NoTitleBar" />
63-->[com.google.android.gms:play-services-base:17.0.0] AndroidManifest.xml:26:13-72
64
65        <receiver
65-->[com.google.android.gms:play-services-measurement:17.3.0] AndroidManifest.xml:29:9-33:20
66            android:name="com.google.android.gms.measurement.AppMeasurementReceiver"
66-->[com.google.android.gms:play-services-measurement:17.3.0] AndroidManifest.xml:30:13-85
67            android:enabled="true"
67-->[com.google.android.gms:play-services-measurement:17.3.0] AndroidManifest.xml:31:13-35
68            android:exported="false" >
68-->[com.google.android.gms:play-services-measurement:17.3.0] AndroidManifest.xml:32:13-37
69        </receiver>
70        <receiver
70-->[com.google.android.gms:play-services-measurement:17.3.0] AndroidManifest.xml:34:9-42:20
71            android:name="com.google.android.gms.measurement.AppMeasurementInstallReferrerReceiver"
71-->[com.google.android.gms:play-services-measurement:17.3.0] AndroidManifest.xml:35:13-100
72            android:enabled="true"
72-->[com.google.android.gms:play-services-measurement:17.3.0] AndroidManifest.xml:36:13-35
73            android:exported="true"
73-->[com.google.android.gms:play-services-measurement:17.3.0] AndroidManifest.xml:37:13-36
74            android:permission="android.permission.INSTALL_PACKAGES" >
74-->[com.google.android.gms:play-services-measurement:17.3.0] AndroidManifest.xml:38:13-69
75            <intent-filter>
75-->[com.google.android.gms:play-services-measurement:17.3.0] AndroidManifest.xml:39:13-41:29
76                <action android:name="com.android.vending.INSTALL_REFERRER" />
76-->[com.google.android.gms:play-services-measurement:17.3.0] AndroidManifest.xml:40:17-79
76-->[com.google.android.gms:play-services-measurement:17.3.0] AndroidManifest.xml:40:25-76
77            </intent-filter>
78        </receiver>
79
80        <service
80-->[com.google.android.gms:play-services-measurement:17.3.0] AndroidManifest.xml:44:9-47:40
81            android:name="com.google.android.gms.measurement.AppMeasurementService"
81-->[com.google.android.gms:play-services-measurement:17.3.0] AndroidManifest.xml:45:13-84
82            android:enabled="true"
82-->[com.google.android.gms:play-services-measurement:17.3.0] AndroidManifest.xml:46:13-35
83            android:exported="false" />
83-->[com.google.android.gms:play-services-measurement:17.3.0] AndroidManifest.xml:47:13-37
84        <service
84-->[com.google.android.gms:play-services-measurement:17.3.0] AndroidManifest.xml:48:9-52:72
85            android:name="com.google.android.gms.measurement.AppMeasurementJobService"
85-->[com.google.android.gms:play-services-measurement:17.3.0] AndroidManifest.xml:49:13-87
86            android:enabled="true"
86-->[com.google.android.gms:play-services-measurement:17.3.0] AndroidManifest.xml:50:13-35
87            android:exported="false"
87-->[com.google.android.gms:play-services-measurement:17.3.0] AndroidManifest.xml:51:13-37
88            android:permission="android.permission.BIND_JOB_SERVICE" />
88-->[com.google.android.gms:play-services-measurement:17.3.0] AndroidManifest.xml:52:13-69
89
90        <provider
90-->[com.google.firebase:firebase-common:19.3.0] AndroidManifest.xml:26:9-30:39
91            android:name="com.google.firebase.provider.FirebaseInitProvider"
91-->[com.google.firebase:firebase-common:19.3.0] AndroidManifest.xml:27:13-77
92            android:authorities="com.example.houserent.firebaseinitprovider"
92-->[com.google.firebase:firebase-common:19.3.0] AndroidManifest.xml:28:13-72
93            android:exported="false"
93-->[com.google.firebase:firebase-common:19.3.0] AndroidManifest.xml:29:13-37
94            android:initOrder="100" />
94-->[com.google.firebase:firebase-common:19.3.0] AndroidManifest.xml:30:13-36
95
96        <meta-data
96-->[com.google.android.gms:play-services-basement:17.0.0] AndroidManifest.xml:23:9-25:69
97            android:name="com.google.android.gms.version"
97-->[com.google.android.gms:play-services-basement:17.0.0] AndroidManifest.xml:24:13-58
98            android:value="@integer/google_play_services_version" />
98-->[com.google.android.gms:play-services-basement:17.0.0] AndroidManifest.xml:25:13-66
99    </application>
100
101</manifest>